{"uuid":"d2b99ea1-a0ae-42ce-95de-fceadff27b1c","historyId":"9d53fc54371b877fcd304ee2a081d99f","fullName":"org.thetestingacademy.tests.pageObjectModel.vwo.TestVWO_Login_01_Normal.test_negative_vwo_login","labels":[{"name":"package","value":"org.thetestingacademy.tests.pageObjectModel.vwo.TestVWO_Login_01_Normal"},{"name":"testClass","value":"org.thetestingacademy.tests.pageObjectModel.vwo.TestVWO_Login_01_Normal"},{"name":"testMethod","value":"test_negative_vwo_login"},{"name":"parentSuite","value":"Default Suite"},{"name":"suite","value":"ATB13XSeleniumAdvanceFramework"},{"name":"subSuite","value":"org.thetestingacademy.tests.pageObjectModel.vwo.TestVWO_Login_01_Normal"},{"name":"host","value":"LPT-ChethanMS"},{"name":"thread","value":"21992@LPT-ChethanMS.main(3)"},{"name":"framework","value":"testng"},{"name":"language","value":"java"},{"name":"owner","value":"chethan"}],"links":[],"name":"test_negative_vwo_login","status":"broken","statusDetails":{"known":false,"muted":false,"flaky":false,"message":"java.io.FileNotFoundException: C:\\Users\\SCIndia\\IdeaProjects\\ATB13XSeleniumAdvanceFramework\\src\\main\\resources\\data.properties (The system cannot find the path specified)","trace":"java.lang.RuntimeException: java.io.FileNotFoundException: C:\\Users\\SCIndia\\IdeaProjects\\ATB13XSeleniumAdvanceFramework\\src\\main\\resources\\data.properties (The system cannot find the path specified)\r\n\tat org.thetestingacademy.utils.PropertiesReader.readKey(PropertiesReader.java:23)\r\n\tat org.thetestingacademy.tests.pageObjectModel.vwo.TestVWO_Login_01_Normal.test_negative_vwo_login(TestVWO_Login_01_Normal.java:28)\r\n\tat java.base/jdk.internal.reflect.DirectMethodHandleAccessor.invoke(DirectMethodHandleAccessor.java:104)\r\n\tat java.base/java.lang.reflect.Method.invoke(Method.java:565)\r\n\tat org.testng.internal.invokers.MethodInvocationHelper.invokeMethod(MethodInvocationHelper.java:141)\r\n\tat org.testng.internal.invokers.TestInvoker.invokeMethod(TestInvoker.java:687)\r\n\tat org.testng.internal.invokers.TestInvoker.invokeTestMethod(TestInvoker.java:230)\r\n\tat org.testng.internal.invokers.MethodRunner.runInSequence(MethodRunner.java:63)\r\n\tat org.testng.internal.invokers.TestInvoker$MethodInvocationAgent.invoke(TestInvoker.java:995)\r\n\tat org.testng.internal.invokers.TestInvoker.invokeTestMethods(TestInvoker.java:203)\r\n\tat org.testng.internal.invokers.TestMethodWorker.invokeTestMethods(TestMethodWorker.java:154)\r\n\tat org.testng.internal.invokers.TestMethodWorker.run(TestMethodWorker.java:134)\r\n\tat java.base/java.util.ArrayList.forEach(ArrayList.java:1604)\r\n\tat org.testng.TestRunner.privateRun(TestRunner.java:741)\r\n\tat org.testng.TestRunner.run(TestRunner.java:616)\r\n\tat org.testng.SuiteRunner.runTest(SuiteRunner.java:421)\r\n\tat org.testng.SuiteRunner.runSequentially(SuiteRunner.java:413)\r\n\tat org.testng.SuiteRunner.privateRun(SuiteRunner.java:373)\r\n\tat org.testng.SuiteRunner.run(SuiteRunner.java:312)\r\n\tat org.testng.SuiteRunnerWorker.runSuite(SuiteRunnerWorker.java:52)\r\n\tat org.testng.SuiteRunnerWorker.run(SuiteRunnerWorker.java:95)\r\n\tat org.testng.TestNG.runSuitesSequentially(TestNG.java:1274)\r\n\tat org.testng.TestNG.runSuitesLocally(TestNG.java:1208)\r\n\tat org.testng.TestNG.runSuites(TestNG.java:1112)\r\n\tat org.testng.TestNG.run(TestNG.java:1079)\r\n\tat com.intellij.rt.testng.IDEARemoteTestNG.run(IDEARemoteTestNG.java:65)\r\n\tat com.intellij.rt.testng.RemoteTestNGStarter.main(RemoteTestNGStarter.java:105)\r\nCaused by: java.io.FileNotFoundException: C:\\Users\\SCIndia\\IdeaProjects\\ATB13XSeleniumAdvanceFramework\\src\\main\\resources\\data.properties (The system cannot find the path specified)\r\n\tat java.base/java.io.FileInputStream.open0(Native Method)\r\n\tat java.base/java.io.FileInputStream.open(FileInputStream.java:185)\r\n\tat java.base/java.io.FileInputStream.<init>(FileInputStream.java:139)\r\n\tat java.base/java.io.FileInputStream.<init>(FileInputStream.java:109)\r\n\tat org.thetestingacademy.utils.PropertiesReader.readKey(PropertiesReader.java:19)\r\n\t... 26 more\r\n"},"stage":"finished","description":"Verify that with invalid email, pass, error message is shown on the app.vwo.com","steps":[],"attachments":[],"parameters":[],"start":1766654511212,"stop":1766654518892}